This is XeTeX, Version 3.141592653-2.6-0.999997 (TeX Live 2025/Homebrew) (preloaded format=xelatex 2026.2.19)  16 MAR 2026 13:40
entering extended mode
 restricted \write18 enabled.
 %&-line parsing enabled.
**paper.tex
(./paper.tex
LaTeX2e <2024-11-01> patch level 2
L3 programming layer <2025-01-18>
(./jfm.cls
Document Class: jfm 2006/11/13 v1.27 Journal of Fluid Mechanics document class

(/opt/homebrew/Cellar/texlive/20250308_2/share/texmf-dist/tex/latex/graphics/gr
aphicx.sty
Package: graphicx 2021/09/16 v1.2d Enhanced LaTeX Graphics (DPC,SPQR)

(/opt/homebrew/Cellar/texlive/20250308_2/share/texmf-dist/tex/latex/graphics/ke
yval.sty
Package: keyval 2022/05/29 v1.15 key=value parser (DPC)
\KV@toks@=\toks17
)
(/opt/homebrew/Cellar/texlive/20250308_2/share/texmf-dist/tex/latex/graphics/gr
aphics.sty
Package: graphics 2024/08/06 v1.4g Standard LaTeX Graphics (DPC,SPQR)

(/opt/homebrew/Cellar/texlive/20250308_2/share/texmf-dist/tex/latex/graphics/tr
ig.sty
Package: trig 2023/12/02 v1.11 sin cos tan (DPC)
)
(/opt/homebrew/Cellar/texlive/20250308_2/share/texmf-dist/tex/latex/graphics-cf
g/graphics.cfg
File: graphics.cfg 2016/06/04 v1.11 sample graphics configuration
)
Package graphics Info: Driver file: xetex.def on input line 106.

(/opt/homebrew/Cellar/texlive/20250308_2/share/texmf-dist/tex/latex/graphics-de
f/xetex.def
File: xetex.def 2022/09/22 v5.0n Graphics/color driver for xetex
))
\Gin@req@height=\dimen141
\Gin@req@width=\dimen142
)
(/opt/homebrew/Cellar/texlive/20250308_2/share/texmf-dist/tex/latex/etoolbox/et
oolbox.sty
Package: etoolbox 2025/02/11 v2.5l e-TeX tools for LaTeX (JAW)
\etb@tempcnta=\count192
)
LaTeX Info: Redefining \textsfbi on input line 184.
LaTeX Font Info:    Redeclaring math alphabet \mathsfbi on input line 184.
LaTeX Font Info:    Overwriting math alphabet `\mathsfbi' in version `normal'
(Font)                  OT1/cmss/m/sl --> T1/phv/b/it on input line 184.
LaTeX Font Info:    Overwriting math alphabet `\mathsfbi' in version `bold'
(Font)                  OT1/cmss/m/sl --> T1/phv/b/it on input line 184.
LaTeX Info: Redefining \textsfbi on input line 188.
LaTeX Font Info:    Redeclaring math alphabet \mathsfbi on input line 188.
LaTeX Font Info:    Overwriting math alphabet `\mathsfbi' in version `normal'
(Font)                  T1/phv/b/it --> OT1/phv/b/it on input line 188.
LaTeX Font Info:    Overwriting math alphabet `\mathsfbi' in version `bold'
(Font)                  T1/phv/b/it --> OT1/phv/b/it on input line 188.
\halflineskip=\skip49
\affilskip=\skip50
\c@part=\count193
\c@section=\count194
\c@subsection=\count195
\c@subsubsection=\count196
\c@paragraph=\count197
\@indentskip=\skip51
\smallindent=\skip52
\@footindent=\skip53
\@leftskip=\skip54
\proofbox=\box52
\rpbdim=\skip55
\@stequation=\toks18
\c@subequation=\count198
\c@table=\count199
\c@figure=\count266
LaTeX Info: Redefining \cite on input line 1157.
\astrutbox=\box53


Found the 'amsbsy' package on the system, using it.


(/opt/homebrew/Cellar/texlive/20250308_2/share/texmf-dist/tex/latex/amsmath/ams
bsy.sty
Package: amsbsy 1999/11/29 v1.2d Bold Symbols

(/opt/homebrew/Cellar/texlive/20250308_2/share/texmf-dist/tex/latex/amsmath/ams
gen.sty
File: amsgen.sty 1999/11/30 v2.0 generic functions
\@emptytoks=\toks19
\ex@=\dimen143
)
\pmbraise@=\dimen144
)


Found AMS Euler Roman fonts on the system, but you dont seem to have the
'upmath' package installed. JFM.cls can take advantage of these fonts,
if you use 'upmath' package.




Found AMS Symbol fonts on the system, using the 'amssymb' package.


(/opt/homebrew/Cellar/texlive/20250308_2/share/texmf-dist/tex/latex/amsfonts/am
ssymb.sty
Package: amssymb 2013/01/14 v3.01 AMS font symbols

(/opt/homebrew/Cellar/texlive/20250308_2/share/texmf-dist/tex/latex/amsfonts/am
sfonts.sty
Package: amsfonts 2013/01/14 v3.01 Basic AMSFonts support
\symAMSa=\mathgroup4
\symAMSb=\mathgroup5
LaTeX Font Info:    Redeclaring math symbol \hbar on input line 98.
LaTeX Font Info:    Overwriting math alphabet `\mathfrak' in version `bold'
(Font)                  U/euf/m/n --> U/euf/b/n on input line 106.
)))
(/opt/homebrew/Cellar/texlive/20250308_2/share/texmf-dist/tex/latex/amsmath/ams
math.sty
Package: amsmath 2024/11/05 v2.17t AMS math features
\@mathmargin=\skip56

For additional information on amsmath, use the `?' option.

(/opt/homebrew/Cellar/texlive/20250308_2/share/texmf-dist/tex/latex/amsmath/ams
text.sty
Package: amstext 2021/08/26 v2.01 AMS text
)
(/opt/homebrew/Cellar/texlive/20250308_2/share/texmf-dist/tex/latex/amsmath/ams
opn.sty
Package: amsopn 2022/04/08 v2.04 operator names
)
\inf@bad=\count267
LaTeX Info: Redefining \frac on input line 233.
\uproot@=\count268
\leftroot@=\count269
LaTeX Info: Redefining \overline on input line 398.
LaTeX Info: Redefining \colon on input line 409.
\classnum@=\count270
\DOTSCASE@=\count271
LaTeX Info: Redefining \ldots on input line 495.
LaTeX Info: Redefining \dots on input line 498.
LaTeX Info: Redefining \cdots on input line 619.
\Mathstrutbox@=\box54
\strutbox@=\box55
LaTeX Info: Redefining \big on input line 721.
LaTeX Info: Redefining \Big on input line 722.
LaTeX Info: Redefining \bigg on input line 723.
LaTeX Info: Redefining \Bigg on input line 724.
\big@size=\dimen145
LaTeX Font Info:    Redeclaring font encoding OML on input line 742.
LaTeX Font Info:    Redeclaring font encoding OMS on input line 743.
\macc@depth=\count272
LaTeX Info: Redefining \bmod on input line 904.
LaTeX Info: Redefining \pmod on input line 909.
LaTeX Info: Redefining \smash on input line 939.
LaTeX Info: Redefining \relbar on input line 969.
LaTeX Info: Redefining \Relbar on input line 970.
\c@MaxMatrixCols=\count273
\dotsspace@=\muskip17
\c@parentequation=\count274
\dspbrk@lvl=\count275
\tag@help=\toks20
\row@=\count276
\column@=\count277
\maxfields@=\count278
\andhelp@=\toks21
\eqnshift@=\dimen146
\alignsep@=\dimen147
\tagshift@=\dimen148
\tagwidth@=\dimen149
\totwidth@=\dimen150
\lineht@=\dimen151
\@envbody=\toks22
\multlinegap=\skip57
\multlinetaggap=\skip58
\mathdisplay@stack=\toks23
LaTeX Info: Redefining \[ on input line 2953.
LaTeX Info: Redefining \] on input line 2954.
)
(/opt/homebrew/Cellar/texlive/20250308_2/share/texmf-dist/tex/latex/booktabs/bo
oktabs.sty
Package: booktabs 2020/01/12 v1.61803398 Publication quality tables
\heavyrulewidth=\dimen152
\lightrulewidth=\dimen153
\cmidrulewidth=\dimen154
\belowrulesep=\dimen155
\belowbottomsep=\dimen156
\aboverulesep=\dimen157
\abovetopsep=\dimen158
\cmidrulesep=\dimen159
\cmidrulekern=\dimen160
\defaultaddspace=\dimen161
\@cmidla=\count279
\@cmidlb=\count280
\@aboverulesep=\dimen162
\@belowrulesep=\dimen163
\@thisruleclass=\count281
\@lastruleclass=\count282
\@thisrulewidth=\dimen164
)
(/opt/homebrew/Cellar/texlive/20250308_2/share/texmf-dist/tex/latex/natbib/natb
ib.sty
Package: natbib 2010/09/13 8.31b (PWD, AO)
\bibhang=\skip59
\bibsep=\skip60
LaTeX Info: Redefining \cite on input line 694.
\c@NAT@ctr=\count283
)
(/opt/homebrew/Cellar/texlive/20250308_2/share/texmf-dist/tex/latex/l3backend/l
3backend-xetex.def
File: l3backend-xetex.def 2024-05-08 L3 backend support: XeTeX
\g__graphics_track_int=\count284
\l__pdf_internal_box=\box56
\g__pdf_backend_annotation_int=\count285
\g__pdf_backend_link_int=\count286
) (./paper.aux)
\openout1 = `paper.aux'.

LaTeX Font Info:    Checking defaults for OML/cmm/m/it on input line 14.
LaTeX Font Info:    ... okay on input line 14.
LaTeX Font Info:    Checking defaults for OMS/cmsy/m/n on input line 14.
LaTeX Font Info:    ... okay on input line 14.
LaTeX Font Info:    Checking defaults for OT1/cmr/m/n on input line 14.
LaTeX Font Info:    ... okay on input line 14.
LaTeX Font Info:    Checking defaults for T1/cmr/m/n on input line 14.
LaTeX Font Info:    ... okay on input line 14.
LaTeX Font Info:    Checking defaults for TS1/cmr/m/n on input line 14.
LaTeX Font Info:    ... okay on input line 14.
LaTeX Font Info:    Checking defaults for TU/lmr/m/n on input line 14.
LaTeX Font Info:    ... okay on input line 14.
LaTeX Font Info:    Checking defaults for OMX/cmex/m/n on input line 14.
LaTeX Font Info:    ... okay on input line 14.
LaTeX Font Info:    Checking defaults for U/cmr/m/n on input line 14.
LaTeX Font Info:    ... okay on input line 14.

Underfull \hbox (badness 10000) in paragraph at lines 17--17

 []

LaTeX Font Info:    Trying to load font information for U+msa on input line 17.


(/opt/homebrew/Cellar/texlive/20250308_2/share/texmf-dist/tex/latex/amsfonts/um
sa.fd
File: umsa.fd 2013/01/14 v3.01 AMS symbols A
)
LaTeX Font Info:    Trying to load font information for U+msb on input line 17.


(/opt/homebrew/Cellar/texlive/20250308_2/share/texmf-dist/tex/latex/amsfonts/um
sb.fd
File: umsb.fd 2013/01/14 v3.01 AMS symbols B
)


Underfull \hbox (badness 10000) has occurred while \output is active

 []

[1]

[2]

[3]

[4]

[5]
Overfull \hbox (3.7pt too wide) in paragraph at lines 215--216
[]\TU/lmr/m/n/10 All data and code are available at \TU/lmtt/m/n/10 https://git
hub.com/SolomonB14D3/NoetherSolve\TU/lmr/m/n/10 . 
 []


Underfull \hbox (badness 2165) in paragraph at lines 241--244
[]\TU/lmr/m/sc/9 Helmholtz, H. \TU/lmr/m/n/9 1858 Über Integrale der hydrodynam
ischen Gleichungen, welche den
 []



[6] (./paper.aux)
 ***********
LaTeX2e <2024-11-01> patch level 2
L3 programming layer <2025-01-18>
 ***********
 ) 
Here is how much of TeX's memory you used:
 3263 strings out of 473832
 45807 string characters out of 5719382
 444274 words of memory out of 5000000
 26292 multiletter control sequences out of 15000+600000
 570533 words of font info for 98 fonts, out of 8000000 for 9000
 1348 hyphenation exceptions out of 8191
 72i,11n,79p,1264b,293s stack positions out of 10000i,1000n,20000p,200000b,200000s

Output written on paper.pdf (6 pages).
